<?xml version="1.0" encoding="UTF-8"?>
<robot generator="Robot 4.1.2 (Python 3.10.0 on win32)" generated="20211022 17:43:02.665" rpa="false" schemaversion="2">
<suite id="s1" name="testSiteKabum" source="C:\Nova pasta\SuiteSiteTestePratice\Tests\testSiteKabum.robot">
<test id="s1-t1" name="Caso de Teste 01: Validar usuário inválido">
<kw name="Abrir navegador" library="Resource" type="SETUP">
<kw name="Open Browser" library="SeleniumLibrary">
<arg>https://www.kabum.com.br</arg>
<arg>${BROWSER}</arg>
<doc>Opens a new browser instance to the optional ``url``.</doc>
<msg timestamp="20211022 17:43:02.953" level="INFO">Opening browser 'chrome' to base url 'https://www.kabum.com.br'.</msg>
<status status="PASS" starttime="20211022 17:43:02.953" endtime="20211022 17:43:11.385"/>
</kw>
<status status="PASS" starttime="20211022 17:43:02.952" endtime="20211022 17:43:11.385"/>
</kw>
<kw name="Acessar a página home do site" library="Resource">
<kw name="Go To" library="SeleniumLibrary">
<arg>https://www.kabum.com.br</arg>
<doc>Navigates the current browser window to the provided ``url``.</doc>
<msg timestamp="20211022 17:43:11.387" level="INFO">Opening url 'https://www.kabum.com.br'</msg>
<status status="PASS" starttime="20211022 17:43:11.387" endtime="20211022 17:43:13.433"/>
</kw>
<kw name="Title Should Be" library="SeleniumLibrary">
<arg>KaBuM! | Maior E-commerce de Tecnologia e Games da América Latina</arg>
<doc>Verifies that the current page title equals ``title``.</doc>
<msg timestamp="20211022 17:43:13.459" level="INFO">Page title is 'KaBuM! | Maior E-commerce de Tecnologia e Games da América Latina'.</msg>
<status status="PASS" starttime="20211022 17:43:13.434" endtime="20211022 17:43:13.459"/>
</kw>
<status status="PASS" starttime="20211022 17:43:11.386" endtime="20211022 17:43:13.459"/>
</kw>
<kw name="Fechar navegador" library="Resource" type="TEARDOWN">
<kw name="Close Browser" library="SeleniumLibrary">
<doc>Closes the current browser.</doc>
<status status="PASS" starttime="20211022 17:43:13.461" endtime="20211022 17:43:15.705"/>
</kw>
<status status="PASS" starttime="20211022 17:43:13.460" endtime="20211022 17:43:15.705"/>
</kw>
<status status="PASS" starttime="20211022 17:43:02.951" endtime="20211022 17:43:15.707"/>
</test>
<status status="PASS" starttime="20211022 17:43:02.667" endtime="20211022 17:43:15.711"/>
</suite>
<statistics>
<total>
<stat pass="1" fail="0" skip="0">All Tests</stat>
</total>
<tag>
</tag>
<suite>
<stat pass="1" fail="0" skip="0" id="s1" name="testSiteKabum">testSiteKabum</stat>
</suite>
</statistics>
<errors>
</errors>
</robot>
