<?xml version="1.0" encoding="UTF-8"?>
<robot generator="Robot 4.1.2 (Python 3.10.0 on win32)" generated="20211019 20:51:29.239" rpa="false" schemaversion="2">
<suite id="s1" name="testSiteKabum" source="C:\Nova pasta\SuiteSiteTestePratice\resource\testSiteKabum.robot">
<test id="s1-t1" name="Caso de Teste 01: Validar usuário inválido">
<kw name="...Acessar a página home do site">
<msg timestamp="20211019 20:51:29.279" level="FAIL">No keyword with name '...Acessar a página home do site' found.</msg>
<status status="FAIL" starttime="20211019 20:51:29.279" endtime="20211019 20:51:29.279"/>
</kw>
<kw name="...Clicar no botão login">
<status status="NOT RUN" starttime="20211019 20:51:29.282" endtime="20211019 20:51:29.282"/>
</kw>
<kw name="...Digitar o CPF &quot;01358427860&quot; no campo de E-mail, CPF ou CNPJ">
<status status="NOT RUN" starttime="20211019 20:51:29.283" endtime="20211019 20:51:29.283"/>
</kw>
<kw name="...Digitar a senha &quot;999999&quot; no campo login">
<status status="NOT RUN" starttime="20211019 20:51:29.285" endtime="20211019 20:51:29.285"/>
</kw>
<kw name="...Clicar no botão entrar">
<status status="NOT RUN" starttime="20211019 20:51:29.287" endtime="20211019 20:51:29.287"/>
</kw>
<kw name="...Conferir mensagem de err &quot;Dados inválidos, tente novamente!&quot;">
<status status="NOT RUN" starttime="20211019 20:51:29.289" endtime="20211019 20:51:29.289"/>
</kw>
<status status="FAIL" starttime="20211019 20:51:29.277" endtime="20211019 20:51:29.290">No keyword with name '...Acessar a página home do site' found.</status>
</test>
<test id="s1-t2" name="Caso de Teste 02: Fazer a busca de iphone">
<kw name="...Acessar a página home do site">
<msg timestamp="20211019 20:51:29.295" level="FAIL">No keyword with name '...Acessar a página home do site' found.</msg>
<status status="FAIL" starttime="20211019 20:51:29.295" endtime="20211019 20:51:29.295"/>
</kw>
<kw name="...Digitar o nome do produto &quot;iphone&quot; no campo pesquisa">
<status status="NOT RUN" starttime="20211019 20:51:29.298" endtime="20211019 20:51:29.298"/>
</kw>
<kw name="...Clicar no botão pesquisa">
<status status="NOT RUN" starttime="20211019 20:51:29.300" endtime="20211019 20:51:29.300"/>
</kw>
<kw name="...Conferir se o produto &quot;iphone&quot; foi listado no site">
<status status="NOT RUN" starttime="20211019 20:51:29.302" endtime="20211019 20:51:29.302"/>
</kw>
<status status="FAIL" starttime="20211019 20:51:29.292" endtime="20211019 20:51:29.303">No keyword with name '...Acessar a página home do site' found.</status>
</test>
<test id="s1-t3" name="Caso de Teste 03: Validar produto no carrinho">
<kw name="...Acessar a página home do site">
<msg timestamp="20211019 20:51:29.308" level="FAIL">No keyword with name '...Acessar a página home do site' found.</msg>
<status status="FAIL" starttime="20211019 20:51:29.308" endtime="20211019 20:51:29.308"/>
</kw>
<kw name="...Selecionar a categoria &quot;TV&quot; no menu Todos os Departamentos">
<status status="NOT RUN" starttime="20211019 20:51:29.310" endtime="20211019 20:51:29.310"/>
</kw>
<kw name="...Clicar no produto &quot;TV LED Multilaser 32´, 2 HDMI, 1 USB - TL017&quot;">
<status status="NOT RUN" starttime="20211019 20:51:29.312" endtime="20211019 20:51:29.312"/>
</kw>
<kw name="...Clicar no botão comprar">
<status status="NOT RUN" starttime="20211019 20:51:29.314" endtime="20211019 20:51:29.314"/>
</kw>
<kw name="...Conferir se o produto&quot;TV LED Multilaser 32´, 2 HDMI, 1 USB - TL017&quot; foi adicionado no carrinho">
<status status="NOT RUN" starttime="20211019 20:51:29.316" endtime="20211019 20:51:29.316"/>
</kw>
<status status="FAIL" starttime="20211019 20:51:29.306" endtime="20211019 20:51:29.316">No keyword with name '...Acessar a página home do site' found.</status>
</test>
<status status="FAIL" starttime="20211019 20:51:29.241" endtime="20211019 20:51:29.324"/>
</suite>
<statistics>
<total>
<stat pass="0" fail="3" skip="0">All Tests</stat>
</total>
<tag>
</tag>
<suite>
<stat pass="0" fail="3" skip="0" id="s1" name="testSiteKabum">testSiteKabum</stat>
</suite>
</statistics>
<errors>
<msg timestamp="20211019 20:51:29.232" level="ERROR">Error in file 'C:\Nova pasta\SuiteSiteTestePratice\resource\testSiteKabum.robot' on line 3: Non-existing setting 'Teste Setup'. Did you mean:
    Test Setup
    Suite Setup</msg>
<msg timestamp="20211019 20:51:29.232" level="ERROR">Error in file 'C:\Nova pasta\SuiteSiteTestePratice\resource\testSiteKabum.robot' on line 4: Non-existing setting 'Teste Teardown'. Did you mean:
    Test Teardown</msg>
<msg timestamp="20211019 20:51:29.273" level="WARN">Imported resource file 'C:\Nova pasta\SuiteSiteTestePratice\resource\Resource.robot' is empty.</msg>
</errors>
</robot>
